[debug] [2022-10-31T13:22:37.002Z] ----------------------------------------------------------------------
[debug] [2022-10-31T13:22:37.005Z] Command:       /Users/horimaki_1/.nodebrew/node/v18.12.0/bin/node /Users/horimaki_1/.nodebrew/current/bin/firebase init hosting
[debug] [2022-10-31T13:22:37.006Z] CLI Version:   11.15.0
[debug] [2022-10-31T13:22:37.006Z] Platform:      darwin
[debug] [2022-10-31T13:22:37.006Z] Node Version:  v18.12.0
[debug] [2022-10-31T13:22:37.059Z] Time:          Mon Oct 31 2022 22:22:37 GMT+0900 (日本標準時)
[debug] [2022-10-31T13:22:37.060Z] ----------------------------------------------------------------------
[debug] 
[debug] [2022-10-31T13:22:37.074Z] > command requires scopes: ["email","openid","https://www.googleapis.com/auth/cloudplatformprojects.readonly","https://www.googleapis.com/auth/firebase","https://www.googleapis.com/auth/cloud-platform"]
[debug] [2022-10-31T13:22:37.075Z] > authorizing via signed-in user (msk19970709@gmail.com)
[info] 
     ######## #### ########  ######## ########     ###     ######  ########
     ##        ##  ##     ## ##       ##     ##  ##   ##  ##       ##
     ######    ##  ########  ######   ########  #########  ######  ######
     ##        ##  ##    ##  ##       ##     ## ##     ##       ## ##
     ##       #### ##     ## ######## ########  ##     ##  ######  ########

You're about to initialize a Firebase project in this directory:

  /Users/horimaki_1/Documents/test

[info] 
=== Project Setup
[info] 
[info] First, let's associate this project directory with a Firebase project.
[info] You can create multiple project aliases by running firebase use --add, 
[info] but for now we'll just set up a default project.
[info] 
[debug] [2022-10-31T13:22:55.242Z] > refreshing access token with scopes: []
[debug] [2022-10-31T13:22:55.246Z] >>> [apiv2][query] POST https://www.googleapis.com/oauth2/v3/token [none]
[debug] [2022-10-31T13:22:55.246Z] >>> [apiv2][body] POST https://www.googleapis.com/oauth2/v3/token [omitted]
[debug] [2022-10-31T13:22:56.016Z] <<< [apiv2][status] POST https://www.googleapis.com/oauth2/v3/token 200
[debug] [2022-10-31T13:22:56.016Z] <<< [apiv2][body] POST https://www.googleapis.com/oauth2/v3/token [omitted]
[debug] [2022-10-31T13:22:56.048Z] >>> [apiv2][query] GET https://firebase.googleapis.com/v1beta1/projects pageSize=100
[debug] [2022-10-31T13:22:57.284Z] <<< [apiv2][status] GET https://firebase.googleapis.com/v1beta1/projects 200
[debug] [2022-10-31T13:22:57.284Z] <<< [apiv2][body] GET https://firebase.googleapis.com/v1beta1/projects [omitted]
[info] i  Using project test-c7d92 (test) 
[info] 
=== Hosting Setup
[info] 
[info] Your public directory is the folder (relative to your project directory) that
[info] will contain Hosting assets to be uploaded with firebase deploy. If you
[info] have a build process for your assets, use your build's output directory.
[info] 
[debug] [2022-10-31T13:23:34.766Z] >>> [apiv2][query] GET https://www.gstatic.com/firebasejs/releases.json [none]
[debug] [2022-10-31T13:23:34.997Z] <<< [apiv2][status] GET https://www.gstatic.com/firebasejs/releases.json 200
[debug] [2022-10-31T13:23:34.997Z] <<< [apiv2][body] GET https://www.gstatic.com/firebasejs/releases.json {"current":{"version":"9.13.0","browserURL":"https://www.gstatic.com/firebasejs/9.13.0/firebase.js","packageURL":"https://www.gstatic.com/firebasejs/9.13.0/firebase.tgz"},"live":{"version":"9.13","browserURL":"https://www.gstatic.com/firebasejs/live/9.13/firebase.js","packageURL":"https://www.gstatic.com/firebasejs/live/9.13/firebase.tgz"},"components":{"analytics":"https://www.gstatic.com/firebasejs/9.13.0/firebase-analytics.js","app":"https://www.gstatic.com/firebasejs/9.13.0/firebase-app.js","app-check":"https://www.gstatic.com/firebasejs/9.13.0/firebase-app-check.js","auth":"https://www.gstatic.com/firebasejs/9.13.0/firebase-auth.js","auth/cordova":"https://www.gstatic.com/firebasejs/9.13.0/firebase-auth/cordova.js","auth/react-native":"https://www.gstatic.com/firebasejs/9.13.0/firebase-auth/react-native.js","functions":"https://www.gstatic.com/firebasejs/9.13.0/firebase-functions.js","firestore":"https://www.gstatic.com/firebasejs/9.13.0/firebase-firestore.js","firestore/lite":"https://www.gstatic.com/firebasejs/9.13.0/firebase-firestore/lite.js","installations":"https://www.gstatic.com/firebasejs/9.13.0/firebase-installations.js","storage":"https://www.gstatic.com/firebasejs/9.13.0/firebase-storage.js","performance":"https://www.gstatic.com/firebasejs/9.13.0/firebase-performance.js","remote-config":"https://www.gstatic.com/firebasejs/9.13.0/firebase-remote-config.js","messaging":"https://www.gstatic.com/firebasejs/9.13.0/firebase-messaging.js","messaging/sw":"https://www.gstatic.com/firebasejs/9.13.0/firebase-messaging/sw.js","database":"https://www.gstatic.com/firebasejs/9.13.0/firebase-database.js","firestore.memory":"https://www.gstatic.com/firebasejs/9.13.0/firebase-firestore.memory.js"}}
[info] ✔  Wrote public/index.html 
[info] 
[info] i  Detected a .git folder at /Users/horimaki_1 
[info] i  Authorizing with GitHub to upload your service account to a GitHub repository's secrets store. 
[info] 
[info] Visit this URL on this device to log in:
[info] https://github.com/login/oauth/authorize?client_id=89cf50f02ac6aaed3484&state=843656693&redirect_uri=http%3A%2F%2Flocalhost%3A9005&scope=read%3Auser%20repo%20public_repo
[info] 
[info] Waiting for authentication...
[debug] [2022-10-31T13:23:46.489Z] >>> [apiv2][query] POST https://github.com/login/oauth/access_token [none]
[debug] [2022-10-31T13:23:46.490Z] >>> [apiv2][body] POST https://github.com/login/oauth/access_token [stream]
[debug] [2022-10-31T13:23:47.022Z] <<< [apiv2][status] POST https://github.com/login/oauth/access_token 200
[debug] [2022-10-31T13:23:47.022Z] <<< [apiv2][body] POST https://github.com/login/oauth/access_token {"access_token":"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","token_type":"bearer","scope":"read:user,repo"}
[debug] [2022-10-31T13:23:47.032Z] >>> [apiv2][query] GET https://api.github.com/user [none]
[debug] [2022-10-31T13:23:47.677Z] <<< [apiv2][status] GET https://api.github.com/user 200
[debug] [2022-10-31T13:23:47.677Z] <<< [apiv2][body] GET https://api.github.com/user {"login":"mskhrk7101","id":83049620,"node_id":"MDQ6VXNlcjgzMDQ5NjIw","avatar_url":"https://avatars.githubusercontent.com/u/83049620?v=4","gravatar_id":"","url":"https://api.github.com/users/mskhrk7101","html_url":"https://github.com/mskhrk7101","followers_url":"https://api.github.com/users/mskhrk7101/followers","following_url":"https://api.github.com/users/mskhrk7101/following{/other_user}","gists_url":"https://api.github.com/users/mskhrk7101/gists{/gist_id}","starred_url":"https://api.github.com/users/mskhrk7101/starred{/owner}{/repo}","subscriptions_url":"https://api.github.com/users/mskhrk7101/subscriptions","organizations_url":"https://api.github.com/users/mskhrk7101/orgs","repos_url":"https://api.github.com/users/mskhrk7101/repos","events_url":"https://api.github.com/users/mskhrk7101/events{/privacy}","received_events_url":"https://api.github.com/users/mskhrk7101/received_events","type":"User","site_admin":false,"name":"Masaki Hori","company":null,"blog":"","location":null,"email":null,"hireable":null,"bio":null,"twitter_username":null,"public_repos":20,"public_gists":0,"followers":3,"following":7,"created_at":"2021-04-23T02:13:29Z","updated_at":"2022-10-24T23:26:46Z","private_gists":0,"total_private_repos":2,"owned_private_repos":2,"disk_usage":34810,"collaborators":2,"two_factor_authentication":false,"plan":{"name":"free","space":976562499,"collaborators":0,"private_repos":10000}}
[info] 
[info] ✔  Success! Logged into GitHub as mskhrk7101 
[info] 
[debug] [2022-10-31T13:23:59.528Z] >>> [apiv2][query] GET https://api.github.com/repos//actions/secrets/public-key type=owner
[debug] [2022-10-31T13:23:59.827Z] <<< [apiv2][status] GET https://api.github.com/repos//actions/secrets/public-key 404
[debug] [2022-10-31T13:23:59.827Z] <<< [apiv2][body] GET https://api.github.com/repos//actions/secrets/public-key {"message":"Not Found","documentation_url":"https://docs.github.com/rest"}
[debug] [2022-10-31T13:24:00.332Z] >>> [apiv2][query] GET https://api.github.com/repos//actions/secrets/public-key type=owner
[debug] [2022-10-31T13:24:00.974Z] <<< [apiv2][status] GET https://api.github.com/repos//actions/secrets/public-key 404
[debug] [2022-10-31T13:24:00.974Z] <<< [apiv2][body] GET https://api.github.com/repos//actions/secrets/public-key {"message":"Not Found","documentation_url":"https://docs.github.com/rest"}
[debug] [2022-10-31T13:24:08.043Z] >>> [apiv2][query] GET https://api.github.com/repos//actions/secrets/public-key type=owner
[debug] [2022-10-31T13:24:08.346Z] <<< [apiv2][status] GET https://api.github.com/repos//actions/secrets/public-key 404
[debug] [2022-10-31T13:24:08.346Z] <<< [apiv2][body] GET https://api.github.com/repos//actions/secrets/public-key {"message":"Not Found","documentation_url":"https://docs.github.com/rest"}
[debug] [2022-10-31T13:24:09.114Z] >>> [apiv2][query] GET https://api.github.com/repos//actions/secrets/public-key type=owner
[debug] [2022-10-31T13:24:09.642Z] <<< [apiv2][status] GET https://api.github.com/repos//actions/secrets/public-key 404
[debug] [2022-10-31T13:24:09.642Z] <<< [apiv2][body] GET https://api.github.com/repos//actions/secrets/public-key {"message":"Not Found","documentation_url":"https://docs.github.com/rest"}
[debug] [2022-10-31T13:24:42.342Z] >>> [apiv2][query] GET https://api.github.com/repos/mskhrk7101/test/actions/secrets/public-key type=owner
[debug] [2022-10-31T13:24:42.656Z] <<< [apiv2][status] GET https://api.github.com/repos/mskhrk7101/test/actions/secrets/public-key 404
[debug] [2022-10-31T13:24:42.656Z] <<< [apiv2][body] GET https://api.github.com/repos/mskhrk7101/test/actions/secrets/public-key {"message":"Not Found","documentation_url":"https://docs.github.com/rest/reference/actions#get-a-repository-public-key"}
[debug] [2022-10-31T13:24:46.476Z] >>> [apiv2][query] GET https://api.github.com/repos/mskhrk7101/test/actions/secrets/public-key type=owner
[debug] [2022-10-31T13:24:46.674Z] >>> [apiv2][query] GET https://api.github.com/repos//actions/secrets/public-key type=owner
[debug] [2022-10-31T13:24:46.765Z] <<< [apiv2][status] GET https://api.github.com/repos/mskhrk7101/test/actions/secrets/public-key 404
[debug] [2022-10-31T13:24:46.765Z] <<< [apiv2][body] GET https://api.github.com/repos/mskhrk7101/test/actions/secrets/public-key {"message":"Not Found","documentation_url":"https://docs.github.com/rest/reference/actions#get-a-repository-public-key"}
[debug] [2022-10-31T13:24:46.987Z] <<< [apiv2][status] GET https://api.github.com/repos//actions/secrets/public-key 404
[debug] [2022-10-31T13:24:46.988Z] <<< [apiv2][body] GET https://api.github.com/repos//actions/secrets/public-key {"message":"Not Found","documentation_url":"https://docs.github.com/rest"}
[debug] [2022-10-31T13:24:50.095Z] >>> [apiv2][query] GET https://api.github.com/repos/mskhrk7101/test/actions/secrets/public-key type=owner
[debug] [2022-10-31T13:24:50.295Z] >>> [apiv2][query] GET https://api.github.com/repos//actions/secrets/public-key type=owner
[debug] [2022-10-31T13:24:50.390Z] <<< [apiv2][status] GET https://api.github.com/repos/mskhrk7101/test/actions/secrets/public-key 404
[debug] [2022-10-31T13:24:50.390Z] <<< [apiv2][body] GET https://api.github.com/repos/mskhrk7101/test/actions/secrets/public-key {"message":"Not Found","documentation_url":"https://docs.github.com/rest/reference/actions#get-a-repository-public-key"}
[debug] [2022-10-31T13:24:50.638Z] <<< [apiv2][status] GET https://api.github.com/repos//actions/secrets/public-key 404
[debug] [2022-10-31T13:24:50.638Z] <<< [apiv2][body] GET https://api.github.com/repos//actions/secrets/public-key {"message":"Not Found","documentation_url":"https://docs.github.com/rest"}
[debug] [2022-10-31T13:25:02.300Z] >>> [apiv2][query] GET https://api.github.com/repos/mskhrk7101/test/actions/secrets/public-key type=owner
[debug] [2022-10-31T13:25:02.619Z] <<< [apiv2][status] GET https://api.github.com/repos/mskhrk7101/test/actions/secrets/public-key 404
[debug] [2022-10-31T13:25:02.619Z] <<< [apiv2][body] GET https://api.github.com/repos/mskhrk7101/test/actions/secrets/public-key {"message":"Not Found","documentation_url":"https://docs.github.com/rest/reference/actions#get-a-repository-public-key"}
[debug] [2022-10-31T13:25:05.248Z] >>> [apiv2][query] GET https://api.github.com/repos/mskhrk7101/test/actions/secrets/public-key type=owner
[debug] [2022-10-31T13:25:05.590Z] <<< [apiv2][status] GET https://api.github.com/repos/mskhrk7101/test/actions/secrets/public-key 404
[debug] [2022-10-31T13:25:05.590Z] <<< [apiv2][body] GET https://api.github.com/repos/mskhrk7101/test/actions/secrets/public-key {"message":"Not Found","documentation_url":"https://docs.github.com/rest/reference/actions#get-a-repository-public-key"}
[debug] [2022-10-31T13:25:06.171Z] >>> [apiv2][query] GET https://api.github.com/repos/mskhrk7101/test/actions/secrets/public-key type=owner
[debug] [2022-10-31T13:25:06.361Z] >>> [apiv2][query] GET https://api.github.com/repos//actions/secrets/public-key type=owner
[debug] [2022-10-31T13:25:06.480Z] <<< [apiv2][status] GET https://api.github.com/repos/mskhrk7101/test/actions/secrets/public-key 404
[debug] [2022-10-31T13:25:06.480Z] <<< [apiv2][body] GET https://api.github.com/repos/mskhrk7101/test/actions/secrets/public-key {"message":"Not Found","documentation_url":"https://docs.github.com/rest/reference/actions#get-a-repository-public-key"}
[debug] [2022-10-31T13:25:06.655Z] <<< [apiv2][status] GET https://api.github.com/repos//actions/secrets/public-key 404
[debug] [2022-10-31T13:25:06.656Z] <<< [apiv2][body] GET https://api.github.com/repos//actions/secrets/public-key {"message":"Not Found","documentation_url":"https://docs.github.com/rest"}
[debug] [2022-10-31T13:25:21.247Z] >>> [apiv2][query] GET https://api.github.com/repos/mskhrk7101/test/actions/secrets/public-key type=owner
[debug] [2022-10-31T13:25:21.527Z] >>> [apiv2][query] GET https://api.github.com/repos//actions/secrets/public-key type=owner
[debug] [2022-10-31T13:25:21.571Z] <<< [apiv2][status] GET https://api.github.com/repos/mskhrk7101/test/actions/secrets/public-key 404
[debug] [2022-10-31T13:25:21.571Z] <<< [apiv2][body] GET https://api.github.com/repos/mskhrk7101/test/actions/secrets/public-key {"message":"Not Found","documentation_url":"https://docs.github.com/rest/reference/actions#get-a-repository-public-key"}
[debug] [2022-10-31T13:25:21.808Z] >>> [apiv2][query] GET https://api.github.com/repos/mskhrk7101/test/actions/secrets/public-key type=owner
[debug] [2022-10-31T13:25:21.817Z] <<< [apiv2][status] GET https://api.github.com/repos//actions/secrets/public-key 404
[debug] [2022-10-31T13:25:21.817Z] <<< [apiv2][body] GET https://api.github.com/repos//actions/secrets/public-key {"message":"Not Found","documentation_url":"https://docs.github.com/rest"}
[debug] [2022-10-31T13:25:22.075Z] >>> [apiv2][query] GET https://api.github.com/repos//actions/secrets/public-key type=owner
[debug] [2022-10-31T13:25:22.132Z] <<< [apiv2][status] GET https://api.github.com/repos/mskhrk7101/test/actions/secrets/public-key 404
[debug] [2022-10-31T13:25:22.132Z] <<< [apiv2][body] GET https://api.github.com/repos/mskhrk7101/test/actions/secrets/public-key {"message":"Not Found","documentation_url":"https://docs.github.com/rest/reference/actions#get-a-repository-public-key"}
[debug] [2022-10-31T13:25:22.386Z] <<< [apiv2][status] GET https://api.github.com/repos//actions/secrets/public-key 404
[debug] [2022-10-31T13:25:22.386Z] <<< [apiv2][body] GET https://api.github.com/repos//actions/secrets/public-key {"message":"Not Found","documentation_url":"https://docs.github.com/rest"}
[debug] [2022-10-31T13:25:22.821Z] >>> [apiv2][query] GET https://api.github.com/repos/mskhrk7101/test/actions/secrets/public-key type=owner
[debug] [2022-10-31T13:25:23.204Z] <<< [apiv2][status] GET https://api.github.com/repos/mskhrk7101/test/actions/secrets/public-key 404
[debug] [2022-10-31T13:25:23.204Z] <<< [apiv2][body] GET https://api.github.com/repos/mskhrk7101/test/actions/secrets/public-key {"message":"Not Found","documentation_url":"https://docs.github.com/rest/reference/actions#get-a-repository-public-key"}
[debug] [2022-10-31T13:26:04.795Z] >>> [apiv2][query] GET https://api.github.com/repos/mskhrk7101/test/actions/secrets/public-key type=owner
[debug] [2022-10-31T13:26:04.978Z] >>> [apiv2][query] GET https://api.github.com/repos//actions/secrets/public-key type=owner
[debug] [2022-10-31T13:26:05.123Z] <<< [apiv2][status] GET https://api.github.com/repos/mskhrk7101/test/actions/secrets/public-key 404
[debug] [2022-10-31T13:26:05.124Z] <<< [apiv2][body] GET https://api.github.com/repos/mskhrk7101/test/actions/secrets/public-key {"message":"Not Found","documentation_url":"https://docs.github.com/rest/reference/actions#get-a-repository-public-key"}
[debug] [2022-10-31T13:26:05.390Z] <<< [apiv2][status] GET https://api.github.com/repos//actions/secrets/public-key 404
[debug] [2022-10-31T13:26:05.391Z] <<< [apiv2][body] GET https://api.github.com/repos//actions/secrets/public-key {"message":"Not Found","documentation_url":"https://docs.github.com/rest"}
[debug] [2022-10-31T13:26:06.857Z] >>> [apiv2][query] GET https://api.github.com/repos/mskhrk7101/test/actions/secrets/public-key type=owner
[debug] [2022-10-31T13:26:07.236Z] <<< [apiv2][status] GET https://api.github.com/repos/mskhrk7101/test/actions/secrets/public-key 404
[debug] [2022-10-31T13:26:07.237Z] <<< [apiv2][body] GET https://api.github.com/repos/mskhrk7101/test/actions/secrets/public-key {"message":"Not Found","documentation_url":"https://docs.github.com/rest/reference/actions#get-a-repository-public-key"}
[debug] [2022-10-31T13:26:25.132Z] >>> [apiv2][query] GET https://api.github.com/repos/mskhrk7101/actions/secrets/public-key type=owner
[debug] [2022-10-31T13:26:25.566Z] <<< [apiv2][status] GET https://api.github.com/repos/mskhrk7101/actions/secrets/public-key 404
[debug] [2022-10-31T13:26:25.567Z] <<< [apiv2][body] GET https://api.github.com/repos/mskhrk7101/actions/secrets/public-key {"message":"Not Found","documentation_url":"https://docs.github.com/rest"}
[debug] [2022-10-31T13:26:27.922Z] >>> [apiv2][query] GET https://api.github.com/repos//actions/secrets/public-key type=owner
[debug] [2022-10-31T13:26:28.249Z] <<< [apiv2][status] GET https://api.github.com/repos//actions/secrets/public-key 404
[debug] [2022-10-31T13:26:28.249Z] <<< [apiv2][body] GET https://api.github.com/repos//actions/secrets/public-key {"message":"Not Found","documentation_url":"https://docs.github.com/rest"}
[debug] [2022-10-31T13:26:28.439Z] >>> [apiv2][query] GET https://api.github.com/repos//actions/secrets/public-key type=owner
[debug] [2022-10-31T13:26:28.698Z] >>> [apiv2][query] GET https://api.github.com/repos//actions/secrets/public-key type=owner
[debug] [2022-10-31T13:26:28.731Z] <<< [apiv2][status] GET https://api.github.com/repos//actions/secrets/public-key 404
[debug] [2022-10-31T13:26:28.731Z] <<< [apiv2][body] GET https://api.github.com/repos//actions/secrets/public-key {"message":"Not Found","documentation_url":"https://docs.github.com/rest"}
[debug] [2022-10-31T13:26:29.103Z] <<< [apiv2][status] GET https://api.github.com/repos//actions/secrets/public-key 404
[debug] [2022-10-31T13:26:29.104Z] <<< [apiv2][body] GET https://api.github.com/repos//actions/secrets/public-key {"message":"Not Found","documentation_url":"https://docs.github.com/rest"}
[debug] [2022-10-31T13:26:29.536Z] >>> [apiv2][query] GET https://api.github.com/repos//actions/secrets/public-key type=owner
[debug] [2022-10-31T13:26:29.865Z] <<< [apiv2][status] GET https://api.github.com/repos//actions/secrets/public-key 404
[debug] [2022-10-31T13:26:29.865Z] <<< [apiv2][body] GET https://api.github.com/repos//actions/secrets/public-key {"message":"Not Found","documentation_url":"https://docs.github.com/rest"}
